<!DOCTYPE html PUBLIC "-//W3C//DTD XHTML 1.1//EN" "http://www.w3.org/TR/xhtml11/DTD/xhtml11.dtd">
<html xmlns="http://www.w3.org/1999/xhtml"><head><title>TestNG Report</title><style type="text/css">table {margin-bottom:10px;border-collapse:collapse;empty-cells:show}th,td {border:1px solid #009;padding:.25em .5em}th {vertical-align:bottom}td {vertical-align:top}table a {font-weight:bold}.stripe td {background-color: #E6EBF9}.num {text-align:right}.passedodd td {background-color: #3F3}.passedeven td {background-color: #0A0}.skippedodd td {background-color: #DDD}.skippedeven td {background-color: #CCC}.failedodd td,.attn {background-color: #F33}.failedeven td,.stripe .attn {background-color: #D00}.stacktrace {white-space:pre;font-family:monospace}.totop {font-size:85%;text-align:center;border-bottom:2px solid #000}</style></head><body><table><tr><th>Test</th><th># Passed</th><th># Skipped</th><th># Failed</th><th>Time (ms)</th><th>Included Groups</th><th>Excluded Groups</th></tr><tr><th colspan="7">Login Test Cases</th></tr><tr><td><a href="#t0">TC-1. Login validation.</a></td><td class="num">0</td><td class="num attn">1</td><td class="num">0</td><td class="num">1,595</td><td></td><td></td></tr><tr class="stripe"><td><a href="#t1">TC-2. Negative Login validation.</a></td><td class="num">0</td><td class="num attn">1</td><td class="num">0</td><td class="num">557</td><td></td><td></td></tr><tr><th>Total</th><th class="num">0</th><th class="num attn">2</th><th class="num">0</th><th class="num">2,152</th><th colspan="2"></th></tr></table><table><thead><tr><th>Class</th><th>Method</th><th>Start</th><th>Time (ms)</th></tr></thead><tbody><tr><th colspan="4">Login Test Cases</th></tr></tbody><tbody id="t0"><tr><th colspan="4">TC-1. Login validation. &#8212; failed (configuration methods)</th></tr><tr class="failedeven"><td rowspan="1">com.index.LoginIndex</td><td><a href="#m0">setUp</a></td><td rowspan="1">1625638722572</td><td rowspan="1">0</td></tr><tr><th colspan="4">TC-1. Login validation. &#8212; skipped</th></tr><tr class="skippedeven"><td rowspan="1">com.index.LoginIndex</td><td><a href="#m1">login</a></td><td rowspan="1">1625638724155</td><td rowspan="1">2</td></tr></tbody><tbody id="t1"><tr><th colspan="4">TC-2. Negative Login validation. &#8212; failed (configuration methods)</th></tr><tr class="failedeven"><td rowspan="1">com.index.LoginIndex</td><td><a href="#m2">setUp</a></td><td rowspan="1">1625638724179</td><td rowspan="1">0</td></tr><tr><th colspan="4">TC-2. Negative Login validation. &#8212; skipped (configuration methods)</th></tr><tr class="skippedeven"><td rowspan="1">com.index.LoginIndex</td><td><a href="#m3">testResults</a></td><td rowspan="1">1625638724744</td><td rowspan="1">0</td></tr><tr><th colspan="4">TC-2. Negative Login validation. &#8212; skipped</th></tr><tr class="skippedeven"><td rowspan="1">com.index.LoginIndex</td><td><a href="#m4">login_negative</a></td><td rowspan="1">1625638724735</td><td rowspan="1">0</td></tr></tbody></table><h2>TC-1. Login validation.</h2><h3 id="m0">com.index.LoginIndex#setUp</h3><table class="result"><tr class="param"><th>Parameter #1</th><th>Parameter #2</th></tr><tr class="param stripe"><td>public void com.index.LoginIndex.login() throws java.lang.Exception</td><td>org.testng.TestRunner@3b8f0a79</td></tr><tr><th colspan="2">Messages</th></tr><tr><td colspan="2"><div class="messages">&lt;br&gt;current test- TC-1. Login validation.<br/>Current Xml Suite is:----&gt;Login Test Cases</div></td></tr><tr><th colspan="2">Exception</th></tr><tr><td colspan="2"><div class="stacktrace">org.openqa.selenium.WebDriverException: unknown error: cannot find Chrome binary
  (Driver info: chromedriver=2.38.552522 (437e6fbedfa8762dec75e2c5b3ddb86763dc9dcb),platform=Windows NT 10.0.19042 x86_64) (WARNING: The server did not provide any stacktrace information)
Command duration or timeout: 65 milliseconds
Build info: version: &apos;3.11.0&apos;, revision: &apos;e59cfb3&apos;, time: &apos;2018-03-11T20:26:55.152Z&apos;
System info: host: &apos;DESKTOP-MKTSV3B&apos;, ip: &apos;192.168.1.85&apos;, os.name: &apos;Windows 10&apos;, os.arch: &apos;amd64&apos;, os.version: &apos;10.0&apos;, java.version: &apos;1.8.0_291&apos;
Driver info: driver.version: ChromeDriver
	at org.openqa.selenium.remote.ErrorHandler.createThrowable(ErrorHandler.java:214)
	at org.openqa.selenium.remote.ErrorHandler.throwIfResponseFailed(ErrorHandler.java:166)
	at org.openqa.selenium.remote.JsonWireProtocolResponse.lambda$new$0(JsonWireProtocolResponse.java:53)
	at org.openqa.selenium.remote.JsonWireProtocolResponse.lambda$getResponseFunction$2(JsonWireProtocolResponse.java:91)
	at org.openqa.selenium.remote.ProtocolHandshake.lambda$createSession$0(ProtocolHandshake.java:123)
	at java.util.stream.ReferencePipeline$3$1.accept(ReferencePipeline.java:193)
	at java.util.Spliterators$ArraySpliterator.tryAdvance(Spliterators.java:958)
	at java.util.stream.ReferencePipeline.forEachWithCancel(ReferencePipeline.java:126)
	at java.util.stream.AbstractPipeline.copyIntoWithCancel(AbstractPipeline.java:499)
	at java.util.stream.AbstractPipeline.copyInto(AbstractPipeline.java:486)
	at java.util.stream.AbstractPipeline.wrapAndCopyInto(AbstractPipeline.java:472)
	at java.util.stream.FindOps$FindOp.evaluateSequential(FindOps.java:152)
	at java.util.stream.AbstractPipeline.evaluate(AbstractPipeline.java:234)
	at java.util.stream.ReferencePipeline.findFirst(ReferencePipeline.java:464)
	at org.openqa.selenium.remote.ProtocolHandshake.createSession(ProtocolHandshake.java:126)
	at org.openqa.selenium.remote.ProtocolHandshake.createSession(ProtocolHandshake.java:73)
	at org.openqa.selenium.remote.HttpCommandExecutor.execute(HttpCommandExecutor.java:136)
	at org.openqa.selenium.remote.service.DriverCommandExecutor.execute(DriverCommandExecutor.java:83)
	at org.openqa.selenium.remote.RemoteWebDriver.execute(RemoteWebDriver.java:545)
	at org.openqa.selenium.remote.RemoteWebDriver.startSession(RemoteWebDriver.java:209)
	at org.openqa.selenium.remote.RemoteWebDriver.&lt;init&gt;(RemoteWebDriver.java:132)
	at org.openqa.selenium.chrome.ChromeDriver.&lt;init&gt;(ChromeDriver.java:181)
	at org.openqa.selenium.chrome.ChromeDriver.&lt;init&gt;(ChromeDriver.java:147)
	at com.init.SeleniumInit.setUp(SeleniumInit.java:275)
... Removed 33 stack frames</div></td></tr></table><p class="totop"><a href="#summary">back to summary</a></p><h3 id="m1">com.index.LoginIndex#login</h3><table class="result"><tr><th>Messages</th></tr><tr><td><div class="messages">&lt;br&gt;&lt;/br&gt;&lt;Strong&gt;&lt;font color=#ff0000&gt;Fail                  &lt;/font&gt;&lt;/strong&gt;&lt;img src=&apos;C:\Users\BAPS\eclipse-workspace\FrameworkDemo\report-imgs\fail.png&apos; alt=&apos;fail&apos; height=&apos;15&apos; width=&apos;15&apos;/&gt;</div></td></tr></table><p class="totop"><a href="#summary">back to summary</a></p><h2>TC-2. Negative Login validation.</h2><h3 id="m2">com.index.LoginIndex#setUp</h3><table class="result"><tr class="param"><th>Parameter #1</th><th>Parameter #2</th></tr><tr class="param stripe"><td>public void com.index.LoginIndex.login_negative() throws java.lang.Exception</td><td>org.testng.TestRunner@7ceb3185</td></tr><tr><th colspan="2">Messages</th></tr><tr><td colspan="2"><div class="messages">&lt;br&gt;current test- TC-2. Negative Login validation.<br/>Current Xml Suite is:----&gt;Login Test Cases</div></td></tr><tr><th colspan="2">Exception</th></tr><tr><td colspan="2"><div class="stacktrace">org.openqa.selenium.WebDriverException: unknown error: cannot find Chrome binary
  (Driver info: chromedriver=2.38.552522 (437e6fbedfa8762dec75e2c5b3ddb86763dc9dcb),platform=Windows NT 10.0.19042 x86_64) (WARNING: The server did not provide any stacktrace information)
Command duration or timeout: 19 milliseconds
Build info: version: &apos;3.11.0&apos;, revision: &apos;e59cfb3&apos;, time: &apos;2018-03-11T20:26:55.152Z&apos;
System info: host: &apos;DESKTOP-MKTSV3B&apos;, ip: &apos;192.168.1.85&apos;, os.name: &apos;Windows 10&apos;, os.arch: &apos;amd64&apos;, os.version: &apos;10.0&apos;, java.version: &apos;1.8.0_291&apos;
Driver info: driver.version: ChromeDriver
	at org.openqa.selenium.remote.ErrorHandler.createThrowable(ErrorHandler.java:214)
	at org.openqa.selenium.remote.ErrorHandler.throwIfResponseFailed(ErrorHandler.java:166)
	at org.openqa.selenium.remote.JsonWireProtocolResponse.lambda$new$0(JsonWireProtocolResponse.java:53)
	at org.openqa.selenium.remote.JsonWireProtocolResponse.lambda$getResponseFunction$2(JsonWireProtocolResponse.java:91)
	at org.openqa.selenium.remote.ProtocolHandshake.lambda$createSession$0(ProtocolHandshake.java:123)
	at java.util.stream.ReferencePipeline$3$1.accept(ReferencePipeline.java:193)
	at java.util.Spliterators$ArraySpliterator.tryAdvance(Spliterators.java:958)
	at java.util.stream.ReferencePipeline.forEachWithCancel(ReferencePipeline.java:126)
	at java.util.stream.AbstractPipeline.copyIntoWithCancel(AbstractPipeline.java:499)
	at java.util.stream.AbstractPipeline.copyInto(AbstractPipeline.java:486)
	at java.util.stream.AbstractPipeline.wrapAndCopyInto(AbstractPipeline.java:472)
	at java.util.stream.FindOps$FindOp.evaluateSequential(FindOps.java:152)
	at java.util.stream.AbstractPipeline.evaluate(AbstractPipeline.java:234)
	at java.util.stream.ReferencePipeline.findFirst(ReferencePipeline.java:464)
	at org.openqa.selenium.remote.ProtocolHandshake.createSession(ProtocolHandshake.java:126)
	at org.openqa.selenium.remote.ProtocolHandshake.createSession(ProtocolHandshake.java:73)
	at org.openqa.selenium.remote.HttpCommandExecutor.execute(HttpCommandExecutor.java:136)
	at org.openqa.selenium.remote.service.DriverCommandExecutor.execute(DriverCommandExecutor.java:83)
	at org.openqa.selenium.remote.RemoteWebDriver.execute(RemoteWebDriver.java:545)
	at org.openqa.selenium.remote.RemoteWebDriver.startSession(RemoteWebDriver.java:209)
	at org.openqa.selenium.remote.RemoteWebDriver.&lt;init&gt;(RemoteWebDriver.java:132)
	at org.openqa.selenium.chrome.ChromeDriver.&lt;init&gt;(ChromeDriver.java:181)
	at org.openqa.selenium.chrome.ChromeDriver.&lt;init&gt;(ChromeDriver.java:147)
	at com.init.SeleniumInit.setUp(SeleniumInit.java:275)
... Removed 33 stack frames</div></td></tr></table><p class="totop"><a href="#summary">back to summary</a></p><h3 id="m3">com.index.LoginIndex#testResults</h3><table class="result"></table><p class="totop"><a href="#summary">back to summary</a></p><h3 id="m4">com.index.LoginIndex#login_negative</h3><table class="result"><tr><th>Messages</th></tr><tr><td><div class="messages">&lt;br&gt;&lt;/br&gt;&lt;Strong&gt;&lt;font color=#ff0000&gt;Fail                  &lt;/font&gt;&lt;/strong&gt;&lt;img src=&apos;C:\Users\BAPS\eclipse-workspace\FrameworkDemo\report-imgs\fail.png&apos; alt=&apos;fail&apos; height=&apos;15&apos; width=&apos;15&apos;/&gt;</div></td></tr></table><p class="totop"><a href="#summary">back to summary</a></p></body></html>