<!DOCTYPE html>

<html>
  <head>
  <title>TestNG reports</title>

    <link type="text/css" href="testng-reports.css" rel="stylesheet" />  
    <script type="text/javascript" src="jquery-1.7.1.min.js"></script>
    <script type="text/javascript" src="testng-reports.js"></script>
    <script type="text/javascript" src="https://www.google.com/jsapi"></script>
    <script type='text/javascript'>
      google.load('visualization', '1', {packages:['table']});
      google.setOnLoadCallback(drawTable);
      var suiteTableInitFunctions = new Array();
      var suiteTableData = new Array();
    </script>
    <!--
      <script type="text/javascript" src="jquery-ui/js/jquery-ui-1.8.16.custom.min.js"></script>
     -->
  </head>

  <body>
    <div class="top-banner-root">
      <span class="top-banner-title-font">Test results</span>
      <br/>
      <span class="top-banner-font-1">1 suite, 1 failed test</span>
    </div> <!-- top-banner-root -->
    <div class="navigator-root">
      <div class="navigator-suite-header">
        <span>All suites</span>
        <a href="#" class="collapse-all-link" title="Collapse/expand all the suites">
          <img class="collapse-all-icon" src="collapseall.gif">
          </img> <!-- collapse-all-icon -->
        </a> <!-- collapse-all-link -->
      </div> <!-- navigator-suite-header -->
      <div class="suite">
        <div class="rounded-window">
          <div class="suite-header light-rounded-window-top">
            <a href="#" class="navigator-link" panel-name="suite-Signup_Test_Cases">
              <span class="suite-name border-failed">Signup Test Cases</span>
            </a> <!-- navigator-link -->
          </div> <!-- suite-header light-rounded-window-top -->
          <div class="navigator-suite-content">
            <div class="suite-section-title">
              <span>Info</span>
            </div> <!-- suite-section-title -->
            <div class="suite-section-content">
              <ul>
                <li>
                  <a href="#" class="navigator-link " panel-name="test-xml-Signup_Test_Cases">
                    <span>C:\Users\BAPS\git\FrameworkDemo\Build\SignUp.xml</span>
                  </a> <!-- navigator-link  -->
                </li>
                <li>
                  <a href="#" class="navigator-link " panel-name="testlist-Signup_Test_Cases">
                    <span class="test-stats">2 tests</span>
                  </a> <!-- navigator-link  -->
                </li>
                <li>
                  <a href="#" class="navigator-link " panel-name="group-Signup_Test_Cases">
                    <span>0 groups</span>
                  </a> <!-- navigator-link  -->
                </li>
                <li>
                  <a href="#" class="navigator-link " panel-name="times-Signup_Test_Cases">
                    <span>Times</span>
                  </a> <!-- navigator-link  -->
                </li>
                <li>
                  <a href="#" class="navigator-link " panel-name="reporter-Signup_Test_Cases">
                    <span>Reporter output</span>
                  </a> <!-- navigator-link  -->
                </li>
                <li>
                  <a href="#" class="navigator-link " panel-name="ignored-methods-Signup_Test_Cases">
                    <span>Ignored methods</span>
                  </a> <!-- navigator-link  -->
                </li>
                <li>
                  <a href="#" class="navigator-link " panel-name="chronological-Signup_Test_Cases">
                    <span>Chronological view</span>
                  </a> <!-- navigator-link  -->
                </li>
              </ul>
            </div> <!-- suite-section-content -->
            <div class="result-section">
              <div class="suite-section-title">
                <span>Results</span>
              </div> <!-- suite-section-title -->
              <div class="suite-section-content">
                <ul>
                  <li>
                    <span class="method-stats">2 methods, 1 failed,   1 passed</span>
                  </li>
                  <li>
                    <span class="method-list-title failed">Failed methods</span>
                    <span class="show-or-hide-methods failed">
                      <a href="#" panel-name="suite-Signup_Test_Cases" class="hide-methods failed suite-Signup_Test_Cases"> (hide)</a> <!-- hide-methods failed suite-Signup_Test_Cases -->
                      <a href="#" panel-name="suite-Signup_Test_Cases" class="show-methods failed suite-Signup_Test_Cases"> (show)</a> <!-- show-methods failed suite-Signup_Test_Cases -->
                    </span>
                    <div class="method-list-content failed suite-Signup_Test_Cases">
                      <span>
                        <img width="3%" src="failed.png"/>
                        <a href="#" class="method navigator-link" panel-name="suite-Signup_Test_Cases" title="com.index.SignUpIndex" hash-for-method="InvalidEmail">InvalidEmail</a> <!-- method navigator-link -->
                      </span>
                      <br/>
                    </div> <!-- method-list-content failed suite-Signup_Test_Cases -->
                  </li>
                  <li>
                    <span class="method-list-title passed">Passed methods</span>
                    <span class="show-or-hide-methods passed">
                      <a href="#" panel-name="suite-Signup_Test_Cases" class="hide-methods passed suite-Signup_Test_Cases"> (hide)</a> <!-- hide-methods passed suite-Signup_Test_Cases -->
                      <a href="#" panel-name="suite-Signup_Test_Cases" class="show-methods passed suite-Signup_Test_Cases"> (show)</a> <!-- show-methods passed suite-Signup_Test_Cases -->
                    </span>
                    <div class="method-list-content passed suite-Signup_Test_Cases">
                      <span>
                        <img width="3%" src="passed.png"/>
                        <a href="#" class="method navigator-link" panel-name="suite-Signup_Test_Cases" title="com.index.SignUpIndex" hash-for-method="EmailExist">EmailExist</a> <!-- method navigator-link -->
                      </span>
                      <br/>
                    </div> <!-- method-list-content passed suite-Signup_Test_Cases -->
                  </li>
                </ul>
              </div> <!-- suite-section-content -->
            </div> <!-- result-section -->
          </div> <!-- navigator-suite-content -->
        </div> <!-- rounded-window -->
      </div> <!-- suite -->
    </div> <!-- navigator-root -->
    <div class="wrapper">
      <div class="main-panel-root">
        <div panel-name="suite-Signup_Test_Cases" class="panel Signup_Test_Cases">
          <div class="suite-Signup_Test_Cases-class-failed">
            <div class="main-panel-header rounded-window-top">
              <img src="failed.png"/>
              <span class="class-name">com.index.SignUpIndex</span>
            </div> <!-- main-panel-header rounded-window-top -->
            <div class="main-panel-content rounded-window-bottom">
              <div class="method">
                <div class="method-content">
                  <a name="InvalidEmail">
                  </a> <!-- InvalidEmail -->
                  <span class="method-name">InvalidEmail</span>
                  <div class="stack-trace">org.openqa.selenium.NoSuchElementException: Timed out after 80 seconds. Unable to locate the element
	at org.openqa.selenium.support.pagefactory.AjaxElementLocator.findElement(AjaxElementLocator.java:90)
	at org.openqa.selenium.support.pagefactory.internal.LocatingElementHandler.invoke(LocatingElementHandler.java:38)
	at com.sun.proxy.$Proxy10.getWrappedElement(Unknown Source)
	at org.openqa.selenium.remote.internal.WebElementToJsonConverter.apply(WebElementToJsonConverter.java:51)
	at java.util.stream.ReferencePipeline$3$1.accept(ReferencePipeline.java:193)
	at java.util.Spliterators$ArraySpliterator.forEachRemaining(Spliterators.java:948)
	at java.util.stream.AbstractPipeline.copyInto(AbstractPipeline.java:481)
	at java.util.stream.AbstractPipeline.wrapAndCopyInto(AbstractPipeline.java:471)
	at java.util.stream.ReduceOps$ReduceOp.evaluateSequential(ReduceOps.java:708)
	at java.util.stream.AbstractPipeline.evaluate(AbstractPipeline.java:234)
	at java.util.stream.ReferencePipeline.collect(ReferencePipeline.java:499)
	at org.openqa.selenium.remote.RemoteWebDriver.executeScript(RemoteWebDriver.java:477)
	at com.init.Common.highlightElement(Common.java:273)
	at com.init.Common.clickOn(Common.java:256)
	at com.indexPage.SignUpIndexPage.ClickResgiterNow(SignUpIndexPage.java:44)
	at com.index.SignUpIndex.InvalidEmail(SignUpIndex.java:22)
Caused by: org.openqa.selenium.NoSuchElementException: no such element: Unable to locate element: {&quot;method&quot;:&quot;xpath&quot;,&quot;selector&quot;:&quot;//*[contains(text(),&quot;Register now!&quot;)]&quot;}
  (Session info: chrome=101.0.4951.54)
For documentation on this error, please visit: http://seleniumhq.org/exceptions/no_such_element.html
Build info: version: &apos;3.11.0&apos;, revision: &apos;e59cfb3&apos;, time: &apos;2018-03-11T20:26:55.152Z&apos;
System info: host: &apos;DESKTOP-GKA213I&apos;, ip: &apos;192.168.43.152&apos;, os.name: &apos;Windows 10&apos;, os.arch: &apos;x86&apos;, os.version: &apos;10.0&apos;, java.version: &apos;1.8.0_121&apos;
Driver info: org.openqa.selenium.chrome.ChromeDriver
Capabilities {acceptInsecureCerts: false, browserName: chrome, browserVersion: 101.0.4951.54, chrome: {chromedriverVersion: 100.0.4896.60 (6a5d10861ce8..., userDataDir: C:\Windows\TEMP\scoped_dir1...}, goog:chromeOptions: {debuggerAddress: localhost:54467}, javascriptEnabled: true, networkConnectionEnabled: false, pageLoadStrategy: normal, platform: WINDOWS, platformName: WINDOWS, proxy: Proxy(), setWindowRect: true, strictFileInteractability: false, timeouts: {implicit: 0, pageLoad: 300000, script: 30000}, unhandledPromptBehavior: dismiss and notify, webauthn:extension:credBlob: true, webauthn:extension:largeBlob: true, webauthn:virtualAuthenticators: true}
Session ID: ceca66c08e1a90870963473e0d1fc386
*** Element info: {Using=xpath, value=//*[contains(text(),&quot;Register now!&quot;)]}
	at org.openqa.selenium.remote.http.W3CHttpResponseCodec.createException(W3CHttpResponseCodec.java:187)
	at org.openqa.selenium.remote.http.W3CHttpResponseCodec.decode(W3CHttpResponseCodec.java:122)
	at org.openqa.selenium.remote.http.W3CHttpResponseCodec.decode(W3CHttpResponseCodec.java:49)
	at org.openqa.selenium.remote.HttpCommandExecutor.execute(HttpCommandExecutor.java:158)
	at org.openqa.selenium.remote.service.DriverCommandExecutor.execute(DriverCommandExecutor.java:83)
	at org.openqa.selenium.remote.RemoteWebDriver.execute(RemoteWebDriver.java:545)
	at org.openqa.selenium.remote.RemoteWebDriver.findElement(RemoteWebDriver.java:319)
	at org.openqa.selenium.remote.RemoteWebDriver.findElementByXPath(RemoteWebDriver.java:421)
	at org.openqa.selenium.By$ByXPath.findElement(By.java:361)
	at org.openqa.selenium.remote.RemoteWebDriver.findElement(RemoteWebDriver.java:311)
	at org.openqa.selenium.support.pagefactory.DefaultElementLocator.findElement(DefaultElementLocator.java:69)
	at org.openqa.selenium.support.pagefactory.AjaxElementLocator.access$001(AjaxElementLocator.java:40)
	at org.openqa.selenium.support.pagefactory.AjaxElementLocator$SlowLoadingElement.isLoaded(AjaxElementLocator.java:156)
	at org.openqa.selenium.support.ui.SlowLoadableComponent.get(SlowLoadableComponent.java:69)
	at org.openqa.selenium.support.pagefactory.AjaxElementLocator.findElement(AjaxElementLocator.java:86)
	... 42 more
... Removed 31 stack frames
</div> <!-- stack-trace -->
                </div> <!-- method-content -->
              </div> <!-- method -->
            </div> <!-- main-panel-content rounded-window-bottom -->
          </div> <!-- suite-Signup_Test_Cases-class-failed -->
          <div class="suite-Signup_Test_Cases-class-passed">
            <div class="main-panel-header rounded-window-top">
              <img src="passed.png"/>
              <span class="class-name">com.index.SignUpIndex</span>
            </div> <!-- main-panel-header rounded-window-top -->
            <div class="main-panel-content rounded-window-bottom">
              <div class="method">
                <div class="method-content">
                  <a name="EmailExist">
                  </a> <!-- EmailExist -->
                  <span class="method-name">EmailExist</span>
                </div> <!-- method-content -->
              </div> <!-- method -->
            </div> <!-- main-panel-content rounded-window-bottom -->
          </div> <!-- suite-Signup_Test_Cases-class-passed -->
        </div> <!-- panel Signup_Test_Cases -->
        <div panel-name="test-xml-Signup_Test_Cases" class="panel">
          <div class="main-panel-header rounded-window-top">
            <span class="header-content">C:\Users\BAPS\git\FrameworkDemo\Build\SignUp.xml</span>
          </div> <!-- main-panel-header rounded-window-top -->
          <div class="main-panel-content rounded-window-bottom">
            <pre>
&lt;?xml version=&quot;1.0&quot; encoding=&quot;UTF-8&quot;?&gt;
&lt;!DOCTYPE suite SYSTEM &quot;http://testng.org/testng-1.0.dtd&quot;&gt;
&lt;suite thread-count=&quot;4&quot; verbose=&quot;0&quot; name=&quot;Signup Test Cases&quot; parallel=&quot;none&quot; allow-return-values=&quot;true&quot;&gt;
  &lt;parameter name=&quot;selenium.port&quot; value=&quot;4444&quot;/&gt;
  &lt;parameter name=&quot;selenium.host&quot; value=&quot;localhost&quot;/&gt;
  &lt;parameter name=&quot;selenium.browser&quot; value=&quot;chrome&quot;/&gt;
  &lt;parameter name=&quot;selenium.url&quot; value=&quot;https://www.filechannels.net/login&quot;/&gt;
  &lt;listeners&gt;
    &lt;listener class-name=&quot;com.utility.CustomReporterEmailBuildSummary&quot;/&gt;
    &lt;listener class-name=&quot;com.utility.CustomReporterforEmail&quot;/&gt;
    &lt;listener class-name=&quot;com.utility.CustomReporterBuildSummary&quot;/&gt;
  &lt;/listeners&gt;
  &lt;test name=&quot;TC-1.. Verify incorrect email validation message.&quot;&gt;
    &lt;classes&gt;
      &lt;class name=&quot;com.index.SignUpIndex&quot;&gt;
        &lt;methods&gt;
          &lt;include name=&quot;InvalidEmail&quot;/&gt;
        &lt;/methods&gt;
      &lt;/class&gt; &lt;!-- com.index.SignUpIndex --&gt;
    &lt;/classes&gt;
  &lt;/test&gt; &lt;!-- TC-1.. Verify incorrect email validation message. --&gt;
  &lt;test name=&quot;TC-2. Verify email exist validation message.&quot;&gt;
    &lt;classes&gt;
      &lt;class name=&quot;com.index.SignUpIndex&quot;&gt;
        &lt;methods&gt;
          &lt;include name=&quot;EmailExist&quot;/&gt;
        &lt;/methods&gt;
      &lt;/class&gt; &lt;!-- com.index.SignUpIndex --&gt;
    &lt;/classes&gt;
  &lt;/test&gt; &lt;!-- TC-2. Verify email exist validation message. --&gt;
&lt;/suite&gt; &lt;!-- Signup Test Cases --&gt;
            </pre>
          </div> <!-- main-panel-content rounded-window-bottom -->
        </div> <!-- panel -->
        <div panel-name="testlist-Signup_Test_Cases" class="panel">
          <div class="main-panel-header rounded-window-top">
            <span class="header-content">Tests for Signup Test Cases</span>
          </div> <!-- main-panel-header rounded-window-top -->
          <div class="main-panel-content rounded-window-bottom">
            <ul>
              <li>
                <span class="test-name">TC-1.. Verify incorrect email validation message. (1 class)</span>
              </li>
              <li>
                <span class="test-name">TC-2. Verify email exist validation message. (1 class)</span>
              </li>
            </ul>
          </div> <!-- main-panel-content rounded-window-bottom -->
        </div> <!-- panel -->
        <div panel-name="group-Signup_Test_Cases" class="panel">
          <div class="main-panel-header rounded-window-top">
            <span class="header-content">Groups for Signup Test Cases</span>
          </div> <!-- main-panel-header rounded-window-top -->
          <div class="main-panel-content rounded-window-bottom">
          </div> <!-- main-panel-content rounded-window-bottom -->
        </div> <!-- panel -->
        <div panel-name="times-Signup_Test_Cases" class="panel">
          <div class="main-panel-header rounded-window-top">
            <span class="header-content">Times for Signup Test Cases</span>
          </div> <!-- main-panel-header rounded-window-top -->
          <div class="main-panel-content rounded-window-bottom">
            <div class="times-div">
              <script type="text/javascript">
suiteTableInitFunctions.push('tableData_Signup_Test_Cases');
function tableData_Signup_Test_Cases() {
var data = new google.visualization.DataTable();
data.addColumn('number', 'Number');
data.addColumn('string', 'Method');
data.addColumn('string', 'Class');
data.addColumn('number', 'Time (ms)');
data.addRows(2);
data.setCell(0, 0, 0)
data.setCell(0, 1, 'InvalidEmail')
data.setCell(0, 2, 'com.index.SignUpIndex')
data.setCell(0, 3, 103100);
data.setCell(1, 0, 1)
data.setCell(1, 1, 'EmailExist')
data.setCell(1, 2, 'com.index.SignUpIndex')
data.setCell(1, 3, 11673);
window.suiteTableData['Signup_Test_Cases']= { tableData: data, tableDiv: 'times-div-Signup_Test_Cases'}
return data;
}
              </script>
              <span class="suite-total-time">Total running time: 1 minutes</span>
              <div id="times-div-Signup_Test_Cases">
              </div> <!-- times-div-Signup_Test_Cases -->
            </div> <!-- times-div -->
          </div> <!-- main-panel-content rounded-window-bottom -->
        </div> <!-- panel -->
        <div panel-name="reporter-Signup_Test_Cases" class="panel">
          <div class="main-panel-header rounded-window-top">
            <span class="header-content">Reporter output for Signup Test Cases</span>
          </div> <!-- main-panel-header rounded-window-top -->
          <div class="main-panel-content rounded-window-bottom">
            <div class="reporter-method-div">
              <span class="reporter-method-name">InvalidEmail</span>
              <div class="reporter-method-output-div">
                <span class="reporter-method-output"><br></br><Strong><font color=#ff0000>Fail                  </font></strong><img src='C:\Users\BAPS\git\FrameworkDemo\report-imgs\fail.png' alt='fail' height='15' width='15'/></span>
                <span class="reporter-method-output"><br><b><i>Failure Reason:</b></i></span>
                <span class="reporter-method-output"><br><Strong><font color=#ff0000>org.openqa.selenium.NoSuchElementException: Timed out after 80 seconds. Unable to locate the element</font></strong></span>
              </div> <!-- reporter-method-output-div -->
            </div> <!-- reporter-method-div -->
            <div class="reporter-method-div">
              <span class="reporter-method-name">EmailExist</span>
              <div class="reporter-method-output-div">
                <span class="reporter-method-output"><br>Step 1 : Verify exist email validation message.<br></span>
              </div> <!-- reporter-method-output-div -->
            </div> <!-- reporter-method-div -->
          </div> <!-- main-panel-content rounded-window-bottom -->
        </div> <!-- panel -->
        <div panel-name="ignored-methods-Signup_Test_Cases" class="panel">
          <div class="main-panel-header rounded-window-top">
            <span class="header-content">2 ignored methods</span>
          </div> <!-- main-panel-header rounded-window-top -->
          <div class="main-panel-content rounded-window-bottom">
            <div class="ignored-class-div">
              <span class="ignored-class-name">com.index.SignUpIndex</span>
              <div class="ignored-methods-div">
                <span class="ignored-method-name">InvalidEmail</span>
                <br/>
                <span class="ignored-method-name">EmailExist</span>
                <br/>
              </div> <!-- ignored-methods-div -->
            </div> <!-- ignored-class-div -->
          </div> <!-- main-panel-content rounded-window-bottom -->
        </div> <!-- panel -->
        <div panel-name="chronological-Signup_Test_Cases" class="panel">
          <div class="main-panel-header rounded-window-top">
            <span class="header-content">Methods in chronological order</span>
          </div> <!-- main-panel-header rounded-window-top -->
          <div class="main-panel-content rounded-window-bottom">
            <div class="chronological-class">
              <div class="chronological-class-name">com.index.SignUpIndex</div> <!-- chronological-class-name -->
              <div class="configuration-suite before">
                <span class="method-name">fetchSuiteConfiguration(org.testng.TestRunner@1ab4aff)</span>
                <span class="method-start">0 ms</span>
              </div> <!-- configuration-suite before -->
              <div class="configuration-test before">
                <span class="method-name">one(org.testng.TestRunner@c0c838)</span>
                <span class="method-start">259 ms</span>
              </div> <!-- configuration-test before -->
              <div class="configuration-method before">
                <span class="method-name">setUp(public void com.index.SignUpIndex.InvalidEmail() throws java.lang.Exception, org.testng.TestRunner@c...)</span>
                <span class="method-start">283 ms</span>
              </div> <!-- configuration-method before -->
              <div class="test-method">
                <img src="failed.png">
                </img>
                <span class="method-name">InvalidEmail</span>
                <span class="method-start">24955 ms</span>
              </div> <!-- test-method -->
              <div class="configuration-method after">
                <span class="method-name">tearDown([TestResult name=InvalidEmail status=FAILURE method=SignUpIndex.InvalidEmail()[pri:0, instance:com.i...)</span>
                <span class="method-start">128070 ms</span>
              </div> <!-- configuration-method after -->
              <div class="configuration-test before">
                <span class="method-name">one(org.testng.TestRunner@1ab4aff)</span>
                <span class="method-start">128105 ms</span>
              </div> <!-- configuration-test before -->
              <div class="configuration-method before">
                <span class="method-name">setUp(public void com.index.SignUpIndex.EmailExist() throws java.lang.InterruptedException, org.testng.Tes...)</span>
                <span class="method-start">128105 ms</span>
              </div> <!-- configuration-method before -->
              <div class="test-method">
                <span class="method-name">EmailExist</span>
                <span class="method-start">157251 ms</span>
              </div> <!-- test-method -->
              <div class="configuration-method after">
                <span class="method-name">tearDown([TestResult name=EmailExist status=SUCCESS method=SignUpIndex.EmailExist()[pri:0, instance:com.index...)</span>
                <span class="method-start">168925 ms</span>
              </div> <!-- configuration-method after -->
              <div class="configuration-suite after">
                <span class="method-name">testResults</span>
                <span class="method-start">173711 ms</span>
              </div> <!-- configuration-suite after -->
          </div> <!-- main-panel-content rounded-window-bottom -->
        </div> <!-- panel -->
      </div> <!-- main-panel-root -->
    </div> <!-- wrapper -->
  </body>
</html>
